Found 45 xls files in directory /home/saul/src/measures/measure_props/NQF_Retooled_Measure_0001.xlsx.json
/home/saul/src/measures/measure_props/NQF_Retooled_Measure_0002.xlsx.json
/home/saul/src/measures/measure_props/NQF_Retooled_Measure_0004.xlsx.json
/home/saul/src/measures/measure_props/NQF_Retooled_Measure_0012.xlsx.json
/home/saul/src/measures/measure_props/NQF_Retooled_Measure_0013.xlsx.json
/home/saul/src/measures/measure_props/NQF_Retooled_Measure_0014.xlsx.json
/home/saul/src/measures/measure_props/NQF_Retooled_Measure_0018.xlsx.json
/home/saul/src/measures/measure_props/NQF_Retooled_Measure_0024.xlsx.json
/home/saul/src/measures/measure_props/NQF_Retooled_Measure_0027.xlsx.json
/home/saul/src/measures/measure_props/NQF_Retooled_Measure_0028a.xlsx.json
/home/saul/src/measures/measure_props/NQF_Retooled_Measure_0028b.xlsx.json
/home/saul/src/measures/measure_props/NQF_Retooled_Measure_0031.xlsx.json
/home/saul/src/measures/measure_props/NQF_Retooled_Measure_0032.xlsx.json
/home/saul/src/measures/measure_props/NQF_Retooled_Measure_0033.xlsx.json
/home/saul/src/measures/measure_props/NQF_Retooled_Measure_0034.xlsx.json
/home/saul/src/measures/measure_props/NQF_Retooled_Measure_0036.xlsx.json
/home/saul/src/measures/measure_props/NQF_Retooled_Measure_0038.xlsx.json
/home/saul/src/measures/measure_props/NQF_Retooled_Measure_0041.xlsx.json
/home/saul/src/measures/measure_props/NQF_Retooled_Measure_0043.xlsx.json
/home/saul/src/measures/measure_props/NQF_Retooled_Measure_0047.xlsx.json
/home/saul/src/measures/measure_props/NQF_Retooled_Measure_0052.xlsx.json
/home/saul/src/measures/measure_props/NQF_Retooled_Measure_0055.xlsx.json
/home/saul/src/measures/measure_props/NQF_Retooled_Measure_0056.xlsx.json
/home/saul/src/measures/measure_props/NQF_Retooled_Measure_0059.xlsx.json
/home/saul/src/measures/measure_props/NQF_Retooled_Measure_0061.xlsx.json
/home/saul/src/measures/measure_props/NQF_Retooled_Measure_0062.xlsx.json
/home/saul/src/measures/measure_props/NQF_Retooled_Measure_0064.xlsx.json
/home/saul/src/measures/measure_props/NQF_Retooled_Measure_0067.xlsx.json
/home/saul/src/measures/measure_props/NQF_Retooled_Measure_0068.xlsx.json
/home/saul/src/measures/measure_props/NQF_Retooled_Measure_0070.xlsx.json
/home/saul/src/measures/measure_props/NQF_Retooled_Measure_0073.xlsx.json
/home/saul/src/measures/measure_props/NQF_Retooled_Measure_0074.xlsx.json
/home/saul/src/measures/measure_props/NQF_Retooled_Measure_0075.xlsx.json
/home/saul/src/measures/measure_props/NQF_Retooled_Measure_0081.xlsx.json
/home/saul/src/measures/measure_props/NQF_Retooled_Measure_0083.xlsx.json
/home/saul/src/measures/measure_props/NQF_Retooled_Measure_0084.xlsx.json
/home/saul/src/measures/measure_props/NQF_Retooled_Measure_0086.xlsx.json
/home/saul/src/measures/measure_props/NQF_Retooled_Measure_0088.xlsx.json
/home/saul/src/measures/measure_props/NQF_Retooled_Measure_0089.xlsx.json
/home/saul/src/measures/measure_props/NQF_Retooled_Measure_0105.xlsx.json
/home/saul/src/measures/measure_props/NQF_Retooled_Measure_0385.xlsx.json
/home/saul/src/measures/measure_props/NQF_Retooled_Measure_0387.xlsx.json
/home/saul/src/measures/measure_props/NQF_Retooled_Measure_0389.xlsx.json
/home/saul/src/measures/measure_props/NQF_Retooled_Measure_0421.xlsx.json
/home/saul/src/measures/measure_props/NQF_Retooled_Measure_0575.xlsx.json
NQF_Retooled_Measure_0028a.xlsx.json  NQF_Retooled_Measure_0027.xlsx.json A_c422   SNOMED-CT   is INCONSISTENT 20 vs 22
values  160605003, 160606002, 160619003, 228494002, 228504007, 228514003, 228515002, 228516001, 228517005, 228518000, 230059006, 230060001, 230062009, 230063004, 230064005, 230065006, 266920004, 81703003,160603005,160604004
value_set  160605003, 160606002, 160619003, 228494002, 228504007, 228514003, 228515002, 228516001, 228517005, 228518000, 230059006, 230060001, 230062009, 230063004, 230064005, 230065006, 266920004, 65568007, 81703003, 82302008,160603005,160604004
difference (a-b) 2   65568007, 82302008
difference (b-a) 0  
intersection 20    160605003, 160606002, 160619003, 228494002, 228504007, 228514003, 228515002, 228516001, 228517005, 228518000, 230059006, 230060001, 230062009, 230063004, 230064005, 230065006, 266920004, 81703003,160603005,160604004
NQF_Retooled_Measure_0028b.xlsx.json  NQF_Retooled_Measure_0028a.xlsx.json A_c422   SNOMED-CT   is INCONSISTENT 20 vs 22
values  160605003, 160606002, 160619003, 228494002, 228504007, 228514003, 228515002, 228516001, 228517005, 228518000, 230059006, 230060001, 230062009, 230063004, 230064005, 230065006, 266920004, 81703003,160603005,160604004
value_set  160605003, 160606002, 160619003, 228494002, 228504007, 228514003, 228515002, 228516001, 228517005, 228518000, 230059006, 230060001, 230062009, 230063004, 230064005, 230065006, 266920004, 65568007, 81703003, 82302008,160603005,160604004
difference (a-b) 2   65568007, 82302008
difference (b-a) 0  
intersection 20    160605003, 160606002, 160619003, 228494002, 228504007, 228514003, 228515002, 228516001, 228517005, 228518000, 230059006, 230060001, 230062009, 230063004, 230064005, 230065006, 266920004, 81703003,160603005,160604004
NQF_Retooled_Measure_0041.xlsx.json  NQF_Retooled_Measure_0038.xlsx.json A_c199   CPT   is INCONSISTENT 4 vs 10
values  90661, 90662,90655,90657
value_set  90660, 90661, 90662, 90663, 90664, 90666, 90667, 90668,90656,90658
difference (a-b) 8   90660, 90663, 90664, 90666, 90667, 90668,90656,90658
difference (b-a) 2  90655,90657
intersection 2    90661, 90662
NQF_Retooled_Measure_0073.xlsx.json  NQF_Retooled_Measure_0061.xlsx.json N_c153   SNOMED-CT   is INCONSISTENT 24 vs 11
values  23154005, 251073000, 271650006, 314451001, 314452008, 314453003, 314454009, 314455005, 314456006, 314457002, 314458007, 314459004, 314460009, 314461008, 314462001, 314465004, 315613000, 400975005, 407555005, 407557002, 42689008, 53813002,163031004,174255007
value_set  314439003, 314440001, 314441002, 314442009, 314443004, 314444005, 314445006, 314446007, 72313002,271649006,314438006
difference (a-b) 11   314439003, 314440001, 314441002, 314442009, 314443004, 314444005, 314445006, 314446007, 72313002,271649006,314438006
difference (b-a) 24   23154005, 251073000, 271650006, 314451001, 314452008, 314453003, 314454009, 314455005, 314456006, 314457002, 314458007, 314459004, 314460009, 314461008, 314462001, 314465004, 315613000, 400975005, 407555005, 407557002, 42689008, 53813002,163031004,174255007
intersection 0   
NoMethodError: undefined method `each_key' for "Asthma":String
  __file__ at reports.rb:93
  each_key at org/jruby/RubyHash.java:1233
    (root) at reports.rb:92
